<?xml version="1.0" encoding="UTF-8"?>
<!-- Generated by org.testng.reporters.JUnitReportReporter -->
<testsuite hostname="DESKTOP-4O0NNAF" failures="0" tests="1" name="Testpackage.MyTest" time="1.650" errors="0" timestamp="2023-11-29T19:19:24 EET" skipped="0">
  <testcase classname="Testpackage.MyTest" name="mytest" time="1.650"/>
  <system-out/>
</testsuite> <!-- Testpackage.MyTest -->
